* run.do_compile error on poky-dunfell release
@ 2022-02-08 15:43 Sourabh Hegde
  2022-02-08 17:14 ` [yocto] " Khem Raj
  0 siblings, 1 reply; 5+ messages in thread
From: Sourabh Hegde @ 2022-02-08 15:43 UTC (permalink / raw)
  To: yocto

[-- Attachment #1: Type: text/plain, Size: 13287 bytes --]

Hello All,

When I am bitbaking my custom image for STM32MP1 based Avenger96 board I am facing some errors related to "analyze.l:466:19: error: format not a string literal and no format arguments [-Werror=format-security]". I don't understand why I am getting this error as this is the first I am facing it. Please find the below complete log:

DEBUG: Executing python function autotools_aclocals
DEBUG: SITE files ['endian-little', 'bit-32', 'arm-common', 'arm-32', 'common-linux', 'common-glibc', 'arm-linux', 'arm-linux-gnueabi', 'common']
DEBUG: Python function autotools_aclocals finished
DEBUG: Executing shell function do_compile
NOTE: make -j 8
make  all-recursive
make[1]: Entering directory '/root/build-swu-v2/tmp/work/cortexa7t2hf-neon-vfpv4-poky-linux-gnueabi/kbd/2.2.0-r0/build'
Making all in src
make[2]: Entering directory '/root/build-swu-v2/tmp/work/cortexa7t2hf-neon-vfpv4-poky-linux-gnueabi/kbd/2.2.0-r0/build/src'
Making all in libcommon
make[3]: Entering directory '/root/build-swu-v2/tmp/work/cortexa7t2hf-neon-vfpv4-poky-linux-gnueabi/kbd/2.2.0-r0/build/src/libcommon'
make[3]: Nothing to be done for 'all'.
make[3]: Leaving directory '/root/build-swu-v2/tmp/work/cortexa7t2hf-neon-vfpv4-poky-linux-gnueabi/kbd/2.2.0-r0/build/src/libcommon'
Making all in libkbdfile
make[3]: Entering directory '/root/build-swu-v2/tmp/work/cortexa7t2hf-neon-vfpv4-poky-linux-gnueabi/kbd/2.2.0-r0/build/src/libkbdfile'
make[3]: Nothing to be done for 'all'.
make[3]: Leaving directory '/root/build-swu-v2/tmp/work/cortexa7t2hf-neon-vfpv4-poky-linux-gnueabi/kbd/2.2.0-r0/build/src/libkbdfile'
Making all in libkeymap
make[3]: Entering directory '/root/build-swu-v2/tmp/work/cortexa7t2hf-neon-vfpv4-poky-linux-gnueabi/kbd/2.2.0-r0/build/src/libkeymap'
make  all-am
make[4]: Entering directory '/root/build-swu-v2/tmp/work/cortexa7t2hf-neon-vfpv4-poky-linux-gnueabi/kbd/2.2.0-r0/build/src/libkeymap'
../../arm-poky-linux-gnueabi-libtool  --tag=CC   --mode=compile arm-poky-linux-gnueabi-gcc  -mthumb -mfpu=neon-vfpv4 -mfloat-abi=hard -mcpu=cortex-a7 -fstack-protector-strong  -D_FORTIFY_SOURCE=2 -Wformat -Wformat-security -Werror=format-security --sysroot=/root/build-swu-v2/tmp/work/cortexa7t2hf-neon-vfpv4-poky-linux-gnueabi/kbd/2.2.0-r0/recipe-sysroot -DHAVE_CONFIG_H -I. -I../../../kbd-2.2.0/src/libkeymap -I../..   -I../../../kbd-2.2.0/src/libkeymap -I. -I../../../kbd-2.2.0/src/libkeymap/.. -I./.. -I../../../kbd-2.2.0/src/libkeymap/../libcommon -I./../libcommon -I../../../kbd-2.2.0/src/libkeymap/../libkbdfile -I./../libkbdfile -DDATADIR=\"/usr/share\" -DLOCALEDIR=\"/usr/share/locale\" -U_GNU_SOURCE -funit-at-a-time   -g -O2 -D_FORTIFY_SOURCE=2  -O2 -pipe -g -feliminate-unused-debug-types -fmacro-prefix-map=/root/build-swu-v2/tmp/work/cortexa7t2hf-neon-vfpv4-poky-linux-gnueabi/kbd/2.2.0-r0=/usr/src/debug/kbd/2.2.0-r0                      -fdebug-prefix-map=/root/build-swu-v2/tmp/work/cortexa7t2hf-neon-vfpv4-poky-linux-gnueabi/kbd/2.2.0-r0=/usr/src/debug/kbd/2.2.0-r0                      -fdebug-prefix-map=/root/build-swu-v2/tmp/work/cortexa7t2hf-neon-vfpv4-poky-linux-gnueabi/kbd/2.2.0-r0/recipe-sysroot=                      -fdebug-prefix-map=/root/build-swu-v2/tmp/work/cortexa7t2hf-neon-vfpv4-poky-linux-gnueabi/kbd/2.2.0-r0/recipe-sysroot-native=  -Waggregate-return -Wall -Wcast-align -Wconversion -Wdisabled-optimization -Wextra -Wmissing-declarations -Wmissing-format-attribute -Wmissing-noreturn -Wmissing-prototypes -Wpointer-arith -Wredundant-decls -Wshadow -Wstrict-prototypes -Wwrite-strings -c -o analyze.lo ../../../kbd-2.2.0/src/libkeymap/analyze.c
arm-poky-linux-gnueabi-libtool: compile:  arm-poky-linux-gnueabi-gcc -mthumb -mfpu=neon-vfpv4 -mfloat-abi=hard -mcpu=cortex-a7 -fstack-protector-strong -D_FORTIFY_SOURCE=2 -Wformat -Wformat-security -Werror=format-security --sysroot=/root/build-swu-v2/tmp/work/cortexa7t2hf-neon-vfpv4-poky-linux-gnueabi/kbd/2.2.0-r0/recipe-sysroot -DHAVE_CONFIG_H -I. -I../../../kbd-2.2.0/src/libkeymap -I../.. -I../../../kbd-2.2.0/src/libkeymap -I. -I../../../kbd-2.2.0/src/libkeymap/.. -I./.. -I../../../kbd-2.2.0/src/libkeymap/../libcommon -I./../libcommon -I../../../kbd-2.2.0/src/libkeymap/../libkbdfile -I./../libkbdfile -DDATADIR=\"/usr/share\" -DLOCALEDIR=\"/usr/share/locale\" -U_GNU_SOURCE -funit-at-a-time -g -O2 -D_FORTIFY_SOURCE=2 -O2 -pipe -g -feliminate-unused-debug-types -fmacro-prefix-map=/root/build-swu-v2/tmp/work/cortexa7t2hf-neon-vfpv4-poky-linux-gnueabi/kbd/2.2.0-r0=/usr/src/debug/kbd/2.2.0-r0 -fdebug-prefix-map=/root/build-swu-v2/tmp/work/cortexa7t2hf-neon-vfpv4-poky-linux-gnueabi/kbd/2.2.0-r0=/usr/src/debug/kbd/2.2.0-r0 -fdebug-prefix-map=/root/build-swu-v2/tmp/work/cortexa7t2hf-neon-vfpv4-poky-linux-gnueabi/kbd/2.2.0-r0/recipe-sysroot= -fdebug-prefix-map=/root/build-swu-v2/tmp/work/cortexa7t2hf-neon-vfpv4-poky-linux-gnueabi/kbd/2.2.0-r0/recipe-sysroot-native= -Waggregate-return -Wall -Wcast-align -Wconversion -Wdisabled-optimization -Wextra -Wmissing-declarations -Wmissing-format-attribute -Wmissing-noreturn -Wmissing-prototypes -Wpointer-arith -Wredundant-decls -Wshadow -Wstrict-prototypes -Wwrite-strings -c ../../../kbd-2.2.0/src/libkeymap/analyze.c  -fPIC -DPIC -o .libs/analyze.o
analyze.l: In function 'find_incl_file_near_fn':
analyze.l:141:24: warning: passing argument 2 of 'kbdfile_find' from incompatible pointer type [-Wincompatible-pointer-types]
In file included from ../../../kbd-2.2.0/src/libkeymap/keymap/kmap.h:36,
from ../../../kbd-2.2.0/src/libkeymap/keymap.h:8,
from ../../../kbd-2.2.0/src/libkeymap/analyze.c:1:
../../../kbd-2.2.0/src/libkeymap/../libkbdfile/kbdfile.h:40:37: note: expected 'char **' but argument is of type 'const char **'
40 | int kbdfile_find(char *fnam, char **dirpath, char **suffixes, struct kbdfile *fp);
|                              ~~~~~~~^~~~~~~
analyze.l:141:42: warning: passing argument 3 of 'kbdfile_find' from incompatible pointer type [-Wincompatible-pointer-types]
In file included from ../../../kbd-2.2.0/src/libkeymap/keymap/kmap.h:36,
from ../../../kbd-2.2.0/src/libkeymap/keymap.h:8,
from ../../../kbd-2.2.0/src/libkeymap/analyze.c:1:
../../../kbd-2.2.0/src/libkeymap/../libkbdfile/kbdfile.h:40:53: note: expected 'char **' but argument is of type 'const char * const*'
40 | int kbdfile_find(char *fnam, char **dirpath, char **suffixes, struct kbdfile *fp);
|                                              ~~~~~~~^~~~~~~~
analyze.l: In function 'find_standard_incl_file':
analyze.l:168:22: warning: passing argument 2 of 'kbdfile_find' from incompatible pointer type [-Wincompatible-pointer-types]
In file included from ../../../kbd-2.2.0/src/libkeymap/keymap/kmap.h:36,
from ../../../kbd-2.2.0/src/libkeymap/keymap.h:8,
from ../../../kbd-2.2.0/src/libkeymap/analyze.c:1:
../../../kbd-2.2.0/src/libkeymap/../libkbdfile/kbdfile.h:40:37: note: expected 'char **' but argument is of type 'const char * const*'
40 | int kbdfile_find(char *fnam, char **dirpath, char **suffixes, struct kbdfile *fp);
|                              ~~~~~~~^~~~~~~
analyze.l:168:40: warning: passing argument 3 of 'kbdfile_find' from incompatible pointer type [-Wincompatible-pointer-types]
In file included from ../../../kbd-2.2.0/src/libkeymap/keymap/kmap.h:36,
from ../../../kbd-2.2.0/src/libkeymap/keymap.h:8,
from ../../../kbd-2.2.0/src/libkeymap/analyze.c:1:
../../../kbd-2.2.0/src/libkeymap/../libkbdfile/kbdfile.h:40:53: note: expected 'char **' but argument is of type 'const char * const*'
40 | int kbdfile_find(char *fnam, char **dirpath, char **suffixes, struct kbdfile *fp);
|                                              ~~~~~~~^~~~~~~~
analyze.l:197:24: warning: passing argument 2 of 'kbdfile_find' from incompatible pointer type [-Wincompatible-pointer-types]
In file included from ../../../kbd-2.2.0/src/libkeymap/keymap/kmap.h:36,
from ../../../kbd-2.2.0/src/libkeymap/keymap.h:8,
from ../../../kbd-2.2.0/src/libkeymap/analyze.c:1:
../../../kbd-2.2.0/src/libkeymap/../libkbdfile/kbdfile.h:40:37: note: expected 'char **' but argument is of type 'const char * const*'
40 | int kbdfile_find(char *fnam, char **dirpath, char **suffixes, struct kbdfile *fp);
|                              ~~~~~~~^~~~~~~
analyze.l:197:42: warning: passing argument 3 of 'kbdfile_find' from incompatible pointer type [-Wincompatible-pointer-types]
In file included from ../../../kbd-2.2.0/src/libkeymap/keymap/kmap.h:36,
from ../../../kbd-2.2.0/src/libkeymap/keymap.h:8,
from ../../../kbd-2.2.0/src/libkeymap/analyze.c:1:
../../../kbd-2.2.0/src/libkeymap/../libkbdfile/kbdfile.h:40:53: note: expected 'char **' but argument is of type 'const char * const*'
40 | int kbdfile_find(char *fnam, char **dirpath, char **suffixes, struct kbdfile *fp);
|                                              ~~~~~~~^~~~~~~~
analyze.l: In function 'find_incl_file':
analyze.l:210:27: warning: passing argument 2 of 'kbdfile_find' from incompatible pointer type [-Wincompatible-pointer-types]
In file included from ../../../kbd-2.2.0/src/libkeymap/keymap/kmap.h:36,
from ../../../kbd-2.2.0/src/libkeymap/keymap.h:8,
from ../../../kbd-2.2.0/src/libkeymap/analyze.c:1:
../../../kbd-2.2.0/src/libkeymap/../libkbdfile/kbdfile.h:40:37: note: expected 'char **' but argument is of type 'const char * const*'
40 | int kbdfile_find(char *fnam, char **dirpath, char **suffixes, struct kbdfile *fp);
|                              ~~~~~~~^~~~~~~
analyze.l:210:45: warning: passing argument 3 of 'kbdfile_find' from incompatible pointer type [-Wincompatible-pointer-types]
In file included from ../../../kbd-2.2.0/src/libkeymap/keymap/kmap.h:36,
from ../../../kbd-2.2.0/src/libkeymap/keymap.h:8,
from ../../../kbd-2.2.0/src/libkeymap/analyze.c:1:
../../../kbd-2.2.0/src/libkeymap/../libkbdfile/kbdfile.h:40:53: note: expected 'char **' but argument is of type 'const char * const*'
40 | int kbdfile_find(char *fnam, char **dirpath, char **suffixes, struct kbdfile *fp);
|                                              ~~~~~~~^~~~~~~~
analyze.l:225:26: warning: passing argument 2 of 'kbdfile_find' from incompatible pointer type [-Wincompatible-pointer-types]
In file included from ../../../kbd-2.2.0/src/libkeymap/keymap/kmap.h:36,
from ../../../kbd-2.2.0/src/libkeymap/keymap.h:8,
from ../../../kbd-2.2.0/src/libkeymap/analyze.c:1:
../../../kbd-2.2.0/src/libkeymap/../libkbdfile/kbdfile.h:40:37: note: expected 'char **' but argument is of type 'const char **'
40 | int kbdfile_find(char *fnam, char **dirpath, char **suffixes, struct kbdfile *fp);
|                              ~~~~~~~^~~~~~~
analyze.l:225:36: warning: passing argument 3 of 'kbdfile_find' from incompatible pointer type [-Wincompatible-pointer-types]
In file included from ../../../kbd-2.2.0/src/libkeymap/keymap/kmap.h:36,
from ../../../kbd-2.2.0/src/libkeymap/keymap.h:8,
from ../../../kbd-2.2.0/src/libkeymap/analyze.c:1:
../../../kbd-2.2.0/src/libkeymap/../libkbdfile/kbdfile.h:40:53: note: expected 'char **' but argument is of type 'const char * const*'
40 | int kbdfile_find(char *fnam, char **dirpath, char **suffixes, struct kbdfile *fp);
|                                              ~~~~~~~^~~~~~~~
In file included from analyze.l:10:
analyze.l: In function 'yylex':
analyze.l:466:19: error: format not a string literal and no format arguments [-Werror=format-security]
../../../kbd-2.2.0/src/libkeymap/contextP.h:79:55: note: in definition of macro 'lk_log_cond'
79 |    lk_log(ctx, level, __FILE__, __LINE__, __func__, ##arg); \
|                                                       ^~~
analyze.l:466:6: note: in expansion of macro 'ERR'
cc1: some warnings being treated as errors
make[4]: *** [Makefile:604: analyze.lo] Error 1
make[4]: Leaving directory '/root/build-swu-v2/tmp/work/cortexa7t2hf-neon-vfpv4-poky-linux-gnueabi/kbd/2.2.0-r0/build/src/libkeymap'
make[3]: *** [Makefile:476: all] Error 2
make[3]: Leaving directory '/root/build-swu-v2/tmp/work/cortexa7t2hf-neon-vfpv4-poky-linux-gnueabi/kbd/2.2.0-r0/build/src/libkeymap'
make[2]: *** [Makefile:1083: all-recursive] Error 1
make[2]: Leaving directory '/root/build-swu-v2/tmp/work/cortexa7t2hf-neon-vfpv4-poky-linux-gnueabi/kbd/2.2.0-r0/build/src'
make[1]: *** [Makefile:471: all-recursive] Error 1
make[1]: Leaving directory '/root/build-swu-v2/tmp/work/cortexa7t2hf-neon-vfpv4-poky-linux-gnueabi/kbd/2.2.0-r0/build'
ERROR: oe_runmake failed
make: *** [Makefile:402: all] Error 2
WARNING: exit code 1 from a shell command.
ERROR: Execution of '/root/build-swu-v2/tmp/work/cortexa7t2hf-neon-vfpv4-poky-linux-gnueabi/kbd/2.2.0-r0/temp/run.do_compile.380' failed with exit code 1

Can anyone please let me know how to fix this issue?

Your help will be much appreciated.

Thanks in advance.

[-- Attachment #2: Type: text/html, Size: 18231 bytes --]

^ permalink raw reply	[flat|nested] 5+ messages in thread
* Re: [yocto] run.do_compile error on poky-dunfell release
  2022-02-08 15:43 run.do_compile error on poky-dunfell release Sourabh Hegde
@ 2022-02-08 17:14 ` Khem Raj
  2022-02-08 17:46   ` Sourabh Hegde
  0 siblings, 1 reply; 5+ messages in thread
From: Khem Raj @ 2022-02-08 17:14 UTC (permalink / raw)
  To: Sourabh Hegde; +Cc: Yocto-mailing-list

you perhaps need this kbd patch

https://git.kernel.org/pub/scm/linux/kernel/git/legion/kbd.git/commit/?id=50eae66fc21ef8e01c69a9d3c1ff3fcb0b2644a0

On Tue, Feb 8, 2022 at 7:43 AM Sourabh Hegde <hrsourabh011@gmail.com> wrote:
>
> Hello All,
>
> When I am bitbaking my custom image for STM32MP1 based Avenger96 board I am facing some errors related to "analyze.l:466:19: error: format not a string literal and no format arguments [-Werror=format-security]". I don't understand why I am getting this error as this is the first I am facing it. Please find the below complete log:
>
> DEBUG: Executing python function autotools_aclocals
> DEBUG: SITE files ['endian-little', 'bit-32', 'arm-common', 'arm-32', 'common-linux', 'common-glibc', 'arm-linux', 'arm-linux-gnueabi', 'common']
> DEBUG: Python function autotools_aclocals finished
> DEBUG: Executing shell function do_compile
> NOTE: make -j 8
> make  all-recursive
> make[1]: Entering directory '/root/build-swu-v2/tmp/work/cortexa7t2hf-neon-vfpv4-poky-linux-gnueabi/kbd/2.2.0-r0/build'
> Making all in src
> make[2]: Entering directory '/root/build-swu-v2/tmp/work/cortexa7t2hf-neon-vfpv4-poky-linux-gnueabi/kbd/2.2.0-r0/build/src'
> Making all in libcommon
> make[3]: Entering directory '/root/build-swu-v2/tmp/work/cortexa7t2hf-neon-vfpv4-poky-linux-gnueabi/kbd/2.2.0-r0/build/src/libcommon'
> make[3]: Nothing to be done for 'all'.
> make[3]: Leaving directory '/root/build-swu-v2/tmp/work/cortexa7t2hf-neon-vfpv4-poky-linux-gnueabi/kbd/2.2.0-r0/build/src/libcommon'
> Making all in libkbdfile
> make[3]: Entering directory '/root/build-swu-v2/tmp/work/cortexa7t2hf-neon-vfpv4-poky-linux-gnueabi/kbd/2.2.0-r0/build/src/libkbdfile'
> make[3]: Nothing to be done for 'all'.
> make[3]: Leaving directory '/root/build-swu-v2/tmp/work/cortexa7t2hf-neon-vfpv4-poky-linux-gnueabi/kbd/2.2.0-r0/build/src/libkbdfile'
> Making all in libkeymap
> make[3]: Entering directory '/root/build-swu-v2/tmp/work/cortexa7t2hf-neon-vfpv4-poky-linux-gnueabi/kbd/2.2.0-r0/build/src/libkeymap'
> make  all-am
> make[4]: Entering directory '/root/build-swu-v2/tmp/work/cortexa7t2hf-neon-vfpv4-poky-linux-gnueabi/kbd/2.2.0-r0/build/src/libkeymap'
> ../../arm-poky-linux-gnueabi-libtool  --tag=CC   --mode=compile arm-poky-linux-gnueabi-gcc  -mthumb -mfpu=neon-vfpv4 -mfloat-abi=hard -mcpu=cortex-a7 -fstack-protector-strong  -D_FORTIFY_SOURCE=2 -Wformat -Wformat-security -Werror=format-security --sysroot=/root/build-swu-v2/tmp/work/cortexa7t2hf-neon-vfpv4-poky-linux-gnueabi/kbd/2.2.0-r0/recipe-sysroot -DHAVE_CONFIG_H -I. -I../../../kbd-2.2.0/src/libkeymap -I../..   -I../../../kbd-2.2.0/src/libkeymap -I. -I../../../kbd-2.2.0/src/libkeymap/.. -I./.. -I../../../kbd-2.2.0/src/libkeymap/../libcommon -I./../libcommon -I../../../kbd-2.2.0/src/libkeymap/../libkbdfile -I./../libkbdfile -DDATADIR=\"/usr/share\" -DLOCALEDIR=\"/usr/share/locale\" -U_GNU_SOURCE -funit-at-a-time   -g -O2 -D_FORTIFY_SOURCE=2  -O2 -pipe -g -feliminate-unused-debug-types -fmacro-prefix-map=/root/build-swu-v2/tmp/work/cortexa7t2hf-neon-vfpv4-poky-linux-gnueabi/kbd/2.2.0-r0=/usr/src/debug/kbd/2.2.0-r0                      -fdebug-prefix-map=/root/build-swu-v2/tmp/work/cortexa7t2hf-neon-vfpv4-poky-linux-gnueabi/kbd/2.2.0-r0=/usr/src/debug/kbd/2.2.0-r0                      -fdebug-prefix-map=/root/build-swu-v2/tmp/work/cortexa7t2hf-neon-vfpv4-poky-linux-gnueabi/kbd/2.2.0-r0/recipe-sysroot=                      -fdebug-prefix-map=/root/build-swu-v2/tmp/work/cortexa7t2hf-neon-vfpv4-poky-linux-gnueabi/kbd/2.2.0-r0/recipe-sysroot-native=  -Waggregate-return -Wall -Wcast-align -Wconversion -Wdisabled-optimization -Wextra -Wmissing-declarations -Wmissing-format-attribute -Wmissing-noreturn -Wmissing-prototypes -Wpointer-arith -Wredundant-decls -Wshadow -Wstrict-prototypes -Wwrite-strings -c -o analyze.lo ../../../kbd-2.2.0/src/libkeymap/analyze.c
> arm-poky-linux-gnueabi-libtool: compile:  arm-poky-linux-gnueabi-gcc -mthumb -mfpu=neon-vfpv4 -mfloat-abi=hard -mcpu=cortex-a7 -fstack-protector-strong -D_FORTIFY_SOURCE=2 -Wformat -Wformat-security -Werror=format-security --sysroot=/root/build-swu-v2/tmp/work/cortexa7t2hf-neon-vfpv4-poky-linux-gnueabi/kbd/2.2.0-r0/recipe-sysroot -DHAVE_CONFIG_H -I. -I../../../kbd-2.2.0/src/libkeymap -I../.. -I../../../kbd-2.2.0/src/libkeymap -I. -I../../../kbd-2.2.0/src/libkeymap/.. -I./.. -I../../../kbd-2.2.0/src/libkeymap/../libcommon -I./../libcommon -I../../../kbd-2.2.0/src/libkeymap/../libkbdfile -I./../libkbdfile -DDATADIR=\"/usr/share\" -DLOCALEDIR=\"/usr/share/locale\" -U_GNU_SOURCE -funit-at-a-time -g -O2 -D_FORTIFY_SOURCE=2 -O2 -pipe -g -feliminate-unused-debug-types -fmacro-prefix-map=/root/build-swu-v2/tmp/work/cortexa7t2hf-neon-vfpv4-poky-linux-gnueabi/kbd/2.2.0-r0=/usr/src/debug/kbd/2.2.0-r0 -fdebug-prefix-map=/root/build-swu-v2/tmp/work/cortexa7t2hf-neon-vfpv4-poky-linux-gnueabi/kbd/2.2.0-r0=/usr/src/debug/kbd/2.2.0-r0 -fdebug-prefix-map=/root/build-swu-v2/tmp/work/cortexa7t2hf-neon-vfpv4-poky-linux-gnueabi/kbd/2.2.0-r0/recipe-sysroot= -fdebug-prefix-map=/root/build-swu-v2/tmp/work/cortexa7t2hf-neon-vfpv4-poky-linux-gnueabi/kbd/2.2.0-r0/recipe-sysroot-native= -Waggregate-return -Wall -Wcast-align -Wconversion -Wdisabled-optimization -Wextra -Wmissing-declarations -Wmissing-format-attribute -Wmissing-noreturn -Wmissing-prototypes -Wpointer-arith -Wredundant-decls -Wshadow -Wstrict-prototypes -Wwrite-strings -c ../../../kbd-2.2.0/src/libkeymap/analyze.c  -fPIC -DPIC -o .libs/analyze.o
> analyze.l: In function 'find_incl_file_near_fn':
> analyze.l:141:24: warning: passing argument 2 of 'kbdfile_find' from incompatible pointer type [-Wincompatible-pointer-types]
> In file included from ../../../kbd-2.2.0/src/libkeymap/keymap/kmap.h:36,
>                  from ../../../kbd-2.2.0/src/libkeymap/keymap.h:8,
>                  from ../../../kbd-2.2.0/src/libkeymap/analyze.c:1:
> ../../../kbd-2.2.0/src/libkeymap/../libkbdfile/kbdfile.h:40:37: note: expected 'char **' but argument is of type 'const char **'
>    40 | int kbdfile_find(char *fnam, char **dirpath, char **suffixes, struct kbdfile *fp);
>       |                              ~~~~~~~^~~~~~~
> analyze.l:141:42: warning: passing argument 3 of 'kbdfile_find' from incompatible pointer type [-Wincompatible-pointer-types]
> In file included from ../../../kbd-2.2.0/src/libkeymap/keymap/kmap.h:36,
>                  from ../../../kbd-2.2.0/src/libkeymap/keymap.h:8,
>                  from ../../../kbd-2.2.0/src/libkeymap/analyze.c:1:
> ../../../kbd-2.2.0/src/libkeymap/../libkbdfile/kbdfile.h:40:53: note: expected 'char **' but argument is of type 'const char * const*'
>    40 | int kbdfile_find(char *fnam, char **dirpath, char **suffixes, struct kbdfile *fp);
>       |                                              ~~~~~~~^~~~~~~~
> analyze.l: In function 'find_standard_incl_file':
> analyze.l:168:22: warning: passing argument 2 of 'kbdfile_find' from incompatible pointer type [-Wincompatible-pointer-types]
> In file included from ../../../kbd-2.2.0/src/libkeymap/keymap/kmap.h:36,
>                  from ../../../kbd-2.2.0/src/libkeymap/keymap.h:8,
>                  from ../../../kbd-2.2.0/src/libkeymap/analyze.c:1:
> ../../../kbd-2.2.0/src/libkeymap/../libkbdfile/kbdfile.h:40:37: note: expected 'char **' but argument is of type 'const char * const*'
>    40 | int kbdfile_find(char *fnam, char **dirpath, char **suffixes, struct kbdfile *fp);
>       |                              ~~~~~~~^~~~~~~
> analyze.l:168:40: warning: passing argument 3 of 'kbdfile_find' from incompatible pointer type [-Wincompatible-pointer-types]
> In file included from ../../../kbd-2.2.0/src/libkeymap/keymap/kmap.h:36,
>                  from ../../../kbd-2.2.0/src/libkeymap/keymap.h:8,
>                  from ../../../kbd-2.2.0/src/libkeymap/analyze.c:1:
> ../../../kbd-2.2.0/src/libkeymap/../libkbdfile/kbdfile.h:40:53: note: expected 'char **' but argument is of type 'const char * const*'
>    40 | int kbdfile_find(char *fnam, char **dirpath, char **suffixes, struct kbdfile *fp);
>       |                                              ~~~~~~~^~~~~~~~
> analyze.l:197:24: warning: passing argument 2 of 'kbdfile_find' from incompatible pointer type [-Wincompatible-pointer-types]
> In file included from ../../../kbd-2.2.0/src/libkeymap/keymap/kmap.h:36,
>                  from ../../../kbd-2.2.0/src/libkeymap/keymap.h:8,
>                  from ../../../kbd-2.2.0/src/libkeymap/analyze.c:1:
> ../../../kbd-2.2.0/src/libkeymap/../libkbdfile/kbdfile.h:40:37: note: expected 'char **' but argument is of type 'const char * const*'
>    40 | int kbdfile_find(char *fnam, char **dirpath, char **suffixes, struct kbdfile *fp);
>       |                              ~~~~~~~^~~~~~~
> analyze.l:197:42: warning: passing argument 3 of 'kbdfile_find' from incompatible pointer type [-Wincompatible-pointer-types]
> In file included from ../../../kbd-2.2.0/src/libkeymap/keymap/kmap.h:36,
>                  from ../../../kbd-2.2.0/src/libkeymap/keymap.h:8,
>                  from ../../../kbd-2.2.0/src/libkeymap/analyze.c:1:
> ../../../kbd-2.2.0/src/libkeymap/../libkbdfile/kbdfile.h:40:53: note: expected 'char **' but argument is of type 'const char * const*'
>    40 | int kbdfile_find(char *fnam, char **dirpath, char **suffixes, struct kbdfile *fp);
>       |                                              ~~~~~~~^~~~~~~~
> analyze.l: In function 'find_incl_file':
> analyze.l:210:27: warning: passing argument 2 of 'kbdfile_find' from incompatible pointer type [-Wincompatible-pointer-types]
> In file included from ../../../kbd-2.2.0/src/libkeymap/keymap/kmap.h:36,
>                  from ../../../kbd-2.2.0/src/libkeymap/keymap.h:8,
>                  from ../../../kbd-2.2.0/src/libkeymap/analyze.c:1:
> ../../../kbd-2.2.0/src/libkeymap/../libkbdfile/kbdfile.h:40:37: note: expected 'char **' but argument is of type 'const char * const*'
>    40 | int kbdfile_find(char *fnam, char **dirpath, char **suffixes, struct kbdfile *fp);
>       |                              ~~~~~~~^~~~~~~
> analyze.l:210:45: warning: passing argument 3 of 'kbdfile_find' from incompatible pointer type [-Wincompatible-pointer-types]
> In file included from ../../../kbd-2.2.0/src/libkeymap/keymap/kmap.h:36,
>                  from ../../../kbd-2.2.0/src/libkeymap/keymap.h:8,
>                  from ../../../kbd-2.2.0/src/libkeymap/analyze.c:1:
> ../../../kbd-2.2.0/src/libkeymap/../libkbdfile/kbdfile.h:40:53: note: expected 'char **' but argument is of type 'const char * const*'
>    40 | int kbdfile_find(char *fnam, char **dirpath, char **suffixes, struct kbdfile *fp);
>       |                                              ~~~~~~~^~~~~~~~
> analyze.l:225:26: warning: passing argument 2 of 'kbdfile_find' from incompatible pointer type [-Wincompatible-pointer-types]
> In file included from ../../../kbd-2.2.0/src/libkeymap/keymap/kmap.h:36,
>                  from ../../../kbd-2.2.0/src/libkeymap/keymap.h:8,
>                  from ../../../kbd-2.2.0/src/libkeymap/analyze.c:1:
> ../../../kbd-2.2.0/src/libkeymap/../libkbdfile/kbdfile.h:40:37: note: expected 'char **' but argument is of type 'const char **'
>    40 | int kbdfile_find(char *fnam, char **dirpath, char **suffixes, struct kbdfile *fp);
>       |                              ~~~~~~~^~~~~~~
> analyze.l:225:36: warning: passing argument 3 of 'kbdfile_find' from incompatible pointer type [-Wincompatible-pointer-types]
> In file included from ../../../kbd-2.2.0/src/libkeymap/keymap/kmap.h:36,
>                  from ../../../kbd-2.2.0/src/libkeymap/keymap.h:8,
>                  from ../../../kbd-2.2.0/src/libkeymap/analyze.c:1:
> ../../../kbd-2.2.0/src/libkeymap/../libkbdfile/kbdfile.h:40:53: note: expected 'char **' but argument is of type 'const char * const*'
>    40 | int kbdfile_find(char *fnam, char **dirpath, char **suffixes, struct kbdfile *fp);
>       |                                              ~~~~~~~^~~~~~~~
> In file included from analyze.l:10:
> analyze.l: In function 'yylex':
> analyze.l:466:19: error: format not a string literal and no format arguments [-Werror=format-security]
> ../../../kbd-2.2.0/src/libkeymap/contextP.h:79:55: note: in definition of macro 'lk_log_cond'
>    79 |    lk_log(ctx, level, __FILE__, __LINE__, __func__, ##arg); \
>       |                                                       ^~~
> analyze.l:466:6: note: in expansion of macro 'ERR'
> cc1: some warnings being treated as errors
> make[4]: *** [Makefile:604: analyze.lo] Error 1
> make[4]: Leaving directory '/root/build-swu-v2/tmp/work/cortexa7t2hf-neon-vfpv4-poky-linux-gnueabi/kbd/2.2.0-r0/build/src/libkeymap'
> make[3]: *** [Makefile:476: all] Error 2
> make[3]: Leaving directory '/root/build-swu-v2/tmp/work/cortexa7t2hf-neon-vfpv4-poky-linux-gnueabi/kbd/2.2.0-r0/build/src/libkeymap'
> make[2]: *** [Makefile:1083: all-recursive] Error 1
> make[2]: Leaving directory '/root/build-swu-v2/tmp/work/cortexa7t2hf-neon-vfpv4-poky-linux-gnueabi/kbd/2.2.0-r0/build/src'
> make[1]: *** [Makefile:471: all-recursive] Error 1
> make[1]: Leaving directory '/root/build-swu-v2/tmp/work/cortexa7t2hf-neon-vfpv4-poky-linux-gnueabi/kbd/2.2.0-r0/build'
> ERROR: oe_runmake failed
> make: *** [Makefile:402: all] Error 2
> WARNING: exit code 1 from a shell command.
> ERROR: Execution of '/root/build-swu-v2/tmp/work/cortexa7t2hf-neon-vfpv4-poky-linux-gnueabi/kbd/2.2.0-r0/temp/run.do_compile.380' failed with exit code 1
>
> Can anyone please let me know how to fix this issue?
>
> Your help will be much appreciated.
>
> Thanks in advance.
> -=-=-=-=-=-=-=-=-=-=-=-
> Links: You receive all messages sent to this group.
> You automatically follow any topics you start or reply to.
> View/Reply Online (#56103): https://lists.yoctoproject.org/g/yocto/message/56103
> Mute This Topic: https://lists.yoctoproject.org/mt/88998953/1997914
> Group Owner: yocto+owner@lists.yoctoproject.org
> Unsubscribe: https://lists.yoctoproject.org/g/yocto/unsub [raj.khem@gmail.com]
> -=-=-=-=-=-=-=-=-=-=-=-
>


^ permalink raw reply	[flat|nested] 5+ messages in thread
* Re: run.do_compile error on poky-dunfell release
  2022-02-08 17:14 ` [yocto] " Khem Raj
@ 2022-02-08 17:46   ` Sourabh Hegde
  2022-02-08 17:58     ` [yocto] " Chuck Wolber
  0 siblings, 1 reply; 5+ messages in thread
From: Sourabh Hegde @ 2022-02-08 17:46 UTC (permalink / raw)
  To: yocto

[-- Attachment #1: Type: text/plain, Size: 129 bytes --]

Hello Khem,

Thanks for quick response.

Can you please let me know where to include this patch file?

Thanks in advance.

[-- Attachment #2: Type: text/html, Size: 153 bytes --]

^ permalink raw reply	[flat|nested] 5+ messages in thread
* Re: [yocto] run.do_compile error on poky-dunfell release
  2022-02-08 17:46   ` Sourabh Hegde
@ 2022-02-08 17:58     ` Chuck Wolber
  2022-02-08 18:17       ` Sourabh Hegde
  0 siblings, 1 reply; 5+ messages in thread
From: Chuck Wolber @ 2022-02-08 17:58 UTC (permalink / raw)
  To: Sourabh Hegde; +Cc: yocto

[-- Attachment #1: Type: text/plain, Size: 905 bytes --]

Just replace the word "commit" in the URL with the word patch, like so:

https://git.kernel.org/pub/scm/linux/kernel/git/legion/kbd.git/patch/?id=50eae66fc21ef8e01c69a9d3c1ff3fcb0b2644a0

..Ch:W..

On Tue, Feb 8, 2022 at 9:46 AM Sourabh Hegde <hrsourabh011@gmail.com> wrote:

> Hello Khem,
>
> Thanks for quick response.
>
> Can you please let me know where to include this patch file?
>
> Thanks in advance.
> -=-=-=-=-=-=-=-=-=-=-=-
> Links: You receive all messages sent to this group.
> View/Reply Online (#56108):
> https://lists.yoctoproject.org/g/yocto/message/56108
> Mute This Topic: https://lists.yoctoproject.org/mt/88998953/894569
> Group Owner: yocto+owner@lists.yoctoproject.org
> Unsubscribe: https://lists.yoctoproject.org/g/yocto/unsub [
> chuckwolber@gmail.com]
> -=-=-=-=-=-=-=-=-=-=-=-
>
>

-- 
*"Perfection must be reached by degrees; she requires the slow hand of
time." - Voltaire*

[-- Attachment #2: Type: text/html, Size: 1998 bytes --]

^ permalink raw reply	[flat|nested] 5+ messages in thread
* Re: run.do_compile error on poky-dunfell release
  2022-02-08 17:58     ` [yocto] " Chuck Wolber
@ 2022-02-08 18:17       ` Sourabh Hegde
  0 siblings, 0 replies; 5+ messages in thread
From: Sourabh Hegde @ 2022-02-08 18:17 UTC (permalink / raw)
  To: yocto

[-- Attachment #1: Type: text/plain, Size: 403 bytes --]

Hello Chuck,

Thanks for the hint.

@Khem, when I checked the "sources/poky/meta/recipes-core/kbd", above patch is already available and included in "kbd_2.2.0.bb" recipe. And same patch is also present in "build/tmp/work/cortexa7t2hf-neon-vfpv4-poky-linux-gnueabi/kbd/2.2.0-r0" But still I am getting above error.

I have no idea what this error means and why am I getting this all of a sudden.

[-- Attachment #2: Type: text/html, Size: 427 bytes --]

^ permalink raw reply	[flat|nested] 5+ messages in thread
end of thread, other threads:[~2022-02-08 18:17 UTC | newest]

Thread overview: 5+ messages (download: mbox.gz / follow: Atom feed)
-- links below jump to the message on this page --
2022-02-08 15:43 run.do_compile error on poky-dunfell release Sourabh Hegde
2022-02-08 17:14 ` [yocto] " Khem Raj
2022-02-08 17:46   ` Sourabh Hegde
2022-02-08 17:58     ` [yocto] " Chuck Wolber
2022-02-08 18:17       ` Sourabh Hegde

