* gn-native_106.0.5249.119.bb:do_compile failed with exit code '1'
@ 2023-01-17  7:20 jovanbosic95
  2023-01-17  7:22 ` jovanbosic95
  2023-01-17  8:22 ` [yocto] " Khem Raj
  0 siblings, 2 replies; 3+ messages in thread
From: jovanbosic95 @ 2023-01-17  7:20 UTC (permalink / raw)
  To: yocto

[-- Attachment #1: Type: text/plain, Size: 10212 bytes --]

Can someone help me with this problem? I want to install chromium on dunfell, and I am receiving this problem.

jovanbosic@administrator-ThinkPad-L470:~/Yocto/build$ bitbake core-image-full-cmdline
WARNING: Host distribution "ubuntu-22.04" has not been validated with this version of the build system; you may possibly experience unexpected failures. It is recommended that you use a tested distribution.
Loading cache: 100% |############################################| Time: 0:00:00
Loaded 3726 entries from dependency cache.
NOTE: Resolving any missing task queue dependencies

Build Configuration:
BB_VERSION           = "1.46.0"
BUILD_SYS            = "x86_64-linux"
NATIVELSBSTRING      = "universal"
TARGET_SYS           = "x86_64-poky-linux"
MACHINE              = "qemux86-64"
DISTRO               = "poky"
DISTRO_VERSION       = "3.1.22"
TUNE_FEATURES        = "m64 core2"
TARGET_FPU           = ""
meta
meta-poky
meta-yocto-bsp
meta-selftest
meta-skeleton        = "dunfell:6b8a307b7843af23d189d7ffcecf32c05afac850"
meta-chromium        = "master:068b693ffcf0273ec23d0ab1eeb8f4b97eb143a1"
meta-clang           = "dunfell-clang12:8a6558fe1cedb3eb817333369a3cc2512364f1a6"
meta-filesystems
meta-gnome
meta-initramfs
meta-multimedia
meta-networking
meta-oe
meta-perl
meta-python
meta-webserver
meta-xfce            = "dunfell:7952135f650b4a754e2255f5aa03973a32344123"

Initialising tasks: 100% |#######################################| Time: 0:00:05
Sstate summary: Wanted 21 Found 0 Missed 21 Current 2963 (0% match, 99% complete)
NOTE: Executing Tasks
ERROR: gn-native-106.0.5249.119-r0 do_compile: Execution of '/home/jovanbosic/Yocto/build/tmp/work/x86_64-linux/gn-native/106.0.5249.119-r0/temp/run.do_compile.4042233' failed with exit code 1
ERROR: Logfile of failure stored in: /home/jovanbosic/Yocto/build/tmp/work/x86_64-linux/gn-native/106.0.5249.119-r0/temp/log.do_compile.4042233
Log data follows:
| DEBUG: Executing shell function do_compile
| ninja: Entering directory `/home/jovanbosic/Yocto/build/tmp/work/x86_64-linux/gn-native/106.0.5249.119-r0/chromium-106.0.5249.119/out/Release/gn_build'
| [1/195] CXX src/base/files/file_path_constants.o
| FAILED: src/base/files/file_path_constants.o
| clang++ -target x86_64-linux  -MMD -MF src/base/files/file_path_constants.o.d -I../../../tools/gn/src -I. -isystem/home/jovanbosic/Yocto/build/tmp/work/x86_64-linux/gn-native/106.0.5249.119-r0/recipe-sysroot-native/usr/include -O2 -pipe -isystem/home/jovanbosic/Yocto/build/tmp/work/x86_64-linux/gn-native/106.0.5249.119-r0/recipe-sysroot-native/usr/include -O2 -pipe -D_LIBCPP_HAS_NO_VENDOR_AVAILABILITY_ANNOTATIONS -DNDEBUG -O3 -fdata-sections -ffunction-sections -Werror -D_FILE_OFFSET_BITS=64 -D__STDC_CONSTANT_MACROS -D__STDC_FORMAT_MACROS -pthread -pipe -fno-exceptions -fno-rtti -fdiagnostics-color -Wall -Wextra -Wno-unused-parameter -Wextra-semi -Wundef -std=c++17 -c ../../../tools/gn/src/base/files/file_path_constants.cc -o src/base/files/file_path_constants.o
| ../../../tools/gn/src/base/files/file_path_constants.cc:7:10: fatal error: 'iterator' file not found
| #include <iterator>
|          ^~~~~~~~~~
| 1 error generated.
| [2/195] CXX src/base/files/file_path.o
| FAILED: src/base/files/file_path.o
| clang++ -target x86_64-linux  -MMD -MF src/base/files/file_path.o.d -I../../../tools/gn/src -I. -isystem/home/jovanbosic/Yocto/build/tmp/work/x86_64-linux/gn-native/106.0.5249.119-r0/recipe-sysroot-native/usr/include -O2 -pipe -isystem/home/jovanbosic/Yocto/build/tmp/work/x86_64-linux/gn-native/106.0.5249.119-r0/recipe-sysroot-native/usr/include -O2 -pipe -D_LIBCPP_HAS_NO_VENDOR_AVAILABILITY_ANNOTATIONS -DNDEBUG -O3 -fdata-sections -ffunction-sections -Werror -D_FILE_OFFSET_BITS=64 -D__STDC_CONSTANT_MACROS -D__STDC_FORMAT_MACROS -pthread -pipe -fno-exceptions -fno-rtti -fdiagnostics-color -Wall -Wextra -Wno-unused-parameter -Wextra-semi -Wundef -std=c++17 -c ../../../tools/gn/src/base/files/file_path.cc -o src/base/files/file_path.o
| In file included from ../../../tools/gn/src/base/files/file_path.cc:5:
| ../../../tools/gn/src/base/files/file_path.h:107:10: fatal error: 'iosfwd' file not found
| #include <iosfwd>
|          ^~~~~~~~
| 1 error generated.
| [3/195] CXX src/base/files/file.o
| FAILED: src/base/files/file.o
| clang++ -target x86_64-linux  -MMD -MF src/base/files/file.o.d -I../../../tools/gn/src -I. -isystem/home/jovanbosic/Yocto/build/tmp/work/x86_64-linux/gn-native/106.0.5249.119-r0/recipe-sysroot-native/usr/include -O2 -pipe -isystem/home/jovanbosic/Yocto/build/tmp/work/x86_64-linux/gn-native/106.0.5249.119-r0/recipe-sysroot-native/usr/include -O2 -pipe -D_LIBCPP_HAS_NO_VENDOR_AVAILABILITY_ANNOTATIONS -DNDEBUG -O3 -fdata-sections -ffunction-sections -Werror -D_FILE_OFFSET_BITS=64 -D__STDC_CONSTANT_MACROS -D__STDC_FORMAT_MACROS -pthread -pipe -fno-exceptions -fno-rtti -fdiagnostics-color -Wall -Wextra -Wno-unused-parameter -Wextra-semi -Wundef -std=c++17 -c ../../../tools/gn/src/base/files/file.cc -o src/base/files/file.o
| In file included from ../../../tools/gn/src/base/files/file.cc:5:
| ../../../tools/gn/src/base/files/file.h:10:10: fatal error: 'string' file not found
| #include <string>
|          ^~~~~~~~
| 1 error generated.
| [4/195] CXX src/base/command_line.o
| FAILED: src/base/command_line.o
| clang++ -target x86_64-linux  -MMD -MF src/base/command_line.o.d -I../../../tools/gn/src -I. -isystem/home/jovanbosic/Yocto/build/tmp/work/x86_64-linux/gn-native/106.0.5249.119-r0/recipe-sysroot-native/usr/include -O2 -pipe -isystem/home/jovanbosic/Yocto/build/tmp/work/x86_64-linux/gn-native/106.0.5249.119-r0/recipe-sysroot-native/usr/include -O2 -pipe -D_LIBCPP_HAS_NO_VENDOR_AVAILABILITY_ANNOTATIONS -DNDEBUG -O3 -fdata-sections -ffunction-sections -Werror -D_FILE_OFFSET_BITS=64 -D__STDC_CONSTANT_MACROS -D__STDC_FORMAT_MACROS -pthread -pipe -fno-exceptions -fno-rtti -fdiagnostics-color -Wall -Wextra -Wno-unused-parameter -Wextra-semi -Wundef -std=c++17 -c ../../../tools/gn/src/base/command_line.cc -o src/base/command_line.o
| In file included from ../../../tools/gn/src/base/command_line.cc:5:
| ../../../tools/gn/src/base/command_line.h:19:10: fatal error: 'map' file not found
| #include <map>
|          ^~~~~
| 1 error generated.
| [5/195] CXX src/base/environment.o
| FAILED: src/base/environment.o
| clang++ -target x86_64-linux  -MMD -MF src/base/environment.o.d -I../../../tools/gn/src -I. -isystem/home/jovanbosic/Yocto/build/tmp/work/x86_64-linux/gn-native/106.0.5249.119-r0/recipe-sysroot-native/usr/include -O2 -pipe -isystem/home/jovanbosic/Yocto/build/tmp/work/x86_64-linux/gn-native/106.0.5249.119-r0/recipe-sysroot-native/usr/include -O2 -pipe -D_LIBCPP_HAS_NO_VENDOR_AVAILABILITY_ANNOTATIONS -DNDEBUG -O3 -fdata-sections -ffunction-sections -Werror -D_FILE_OFFSET_BITS=64 -D__STDC_CONSTANT_MACROS -D__STDC_FORMAT_MACROS -pthread -pipe -fno-exceptions -fno-rtti -fdiagnostics-color -Wall -Wextra -Wno-unused-parameter -Wextra-semi -Wundef -std=c++17 -c ../../../tools/gn/src/base/environment.cc -o src/base/environment.o
| In file included from ../../../tools/gn/src/base/environment.cc:5:
| ../../../tools/gn/src/base/environment.h:8:10: fatal error: 'map' file not found
| #include <map>
|          ^~~~~
| 1 error generated.
| [6/195] CXX src/base/files/file_enumerator.o
| FAILED: src/base/files/file_enumerator.o
| clang++ -target x86_64-linux  -MMD -MF src/base/files/file_enumerator.o.d -I../../../tools/gn/src -I. -isystem/home/jovanbosic/Yocto/build/tmp/work/x86_64-linux/gn-native/106.0.5249.119-r0/recipe-sysroot-native/usr/include -O2 -pipe -isystem/home/jovanbosic/Yocto/build/tmp/work/x86_64-linux/gn-native/106.0.5249.119-r0/recipe-sysroot-native/usr/include -O2 -pipe -D_LIBCPP_HAS_NO_VENDOR_AVAILABILITY_ANNOTATIONS -DNDEBUG -O3 -fdata-sections -ffunction-sections -Werror -D_FILE_OFFSET_BITS=64 -D__STDC_CONSTANT_MACROS -D__STDC_FORMAT_MACROS -pthread -pipe -fno-exceptions -fno-rtti -fdiagnostics-color -Wall -Wextra -Wno-unused-parameter -Wextra-semi -Wundef -std=c++17 -c ../../../tools/gn/src/base/files/file_enumerator.cc -o src/base/files/file_enumerator.o
| In file included from ../../../tools/gn/src/base/files/file_enumerator.cc:5:
| ../../../tools/gn/src/base/files/file_enumerator.h:11:10: fatal error: 'vector' file not found
| #include <vector>
|          ^~~~~~~~
| 1 error generated.
| ninja: build stopped: subcommand failed.
| Traceback (most recent call last):
|   File "/home/jovanbosic/Yocto/build/tmp/work/x86_64-linux/gn-native/106.0.5249.119-r0/chromium-106.0.5249.119/tools/gn/bootstrap/bootstrap.py", line 141, in <module>
|     sys.exit(main(sys.argv[1:]))
|   File "/home/jovanbosic/Yocto/build/tmp/work/x86_64-linux/gn-native/106.0.5249.119-r0/chromium-106.0.5249.119/tools/gn/bootstrap/bootstrap.py", line 126, in main
|     subprocess.check_call(
|   File "/home/jovanbosic/Yocto/build/tmp/work/x86_64-linux/gn-native/106.0.5249.119-r0/recipe-sysroot-native/usr/lib/python3.8/subprocess.py", line 364, in check_call
|     raise CalledProcessError(retcode, cmd)
| subprocess.CalledProcessError: Command '['ninja', '-C', '/home/jovanbosic/Yocto/build/tmp/work/x86_64-linux/gn-native/106.0.5249.119-r0/chromium-106.0.5249.119/out/Release/gn_build', '-w', 'dupbuild=err', 'gn']' returned non-zero exit status 1.
| WARNING: exit code 1 from a shell command.
| ERROR: Execution of '/home/jovanbosic/Yocto/build/tmp/work/x86_64-linux/gn-native/106.0.5249.119-r0/temp/run.do_compile.4042233' failed with exit code 1
ERROR: Task (/home/jovanbosic/Yocto/meta-browser/meta-chromium/recipes-browser/chromium/gn-native_106.0.5249.119.bb:do_compile) failed with exit code '1'
NOTE: Tasks Summary: Attempted 4710 tasks of which 4706 didn't need to be rerun and 1 failed.

Summary: 1 task failed:
/home/jovanbosic/Yocto/meta-browser/meta-chromium/recipes-browser/chromium/gn-native_106.0.5249.119.bb:do_compile
Summary: There was 1 WARNING message shown.
Summary: There was 1 ERROR message shown, returning a non-zero exit code.

[-- Attachment #2: Type: text/html, Size: 12450 bytes --]

^ permalink raw reply	[flat|nested] 3+ messages in thread
* Re: gn-native_106.0.5249.119.bb:do_compile failed with exit code '1'
  2023-01-17  7:20 gn-native_106.0.5249.119.bb:do_compile failed with exit code '1' jovanbosic95
@ 2023-01-17  7:22 ` jovanbosic95
  2023-01-17  8:22 ` [yocto] " Khem Raj
  1 sibling, 0 replies; 3+ messages in thread
From: jovanbosic95 @ 2023-01-17  7:22 UTC (permalink / raw)
  To: yocto

[-- Attachment #1: Type: text/plain, Size: 33 bytes --]

Is it something about compiler?

[-- Attachment #2: Type: text/html, Size: 33 bytes --]

^ permalink raw reply	[flat|nested] 3+ messages in thread
* Re: [yocto] gn-native_106.0.5249.119.bb:do_compile failed with exit code '1'
  2023-01-17  7:20 gn-native_106.0.5249.119.bb:do_compile failed with exit code '1' jovanbosic95
  2023-01-17  7:22 ` jovanbosic95
@ 2023-01-17  8:22 ` Khem Raj
  1 sibling, 0 replies; 3+ messages in thread
From: Khem Raj @ 2023-01-17  8:22 UTC (permalink / raw)
  To: jovanbosic95; +Cc: yocto

Can you try installing

libstdc++-dev on your build machine ?

On Mon, Jan 16, 2023 at 11:20 PM <jovanbosic95@gmail.com> wrote:
>
> Can someone help me with this problem? I want to install chromium on dunfell, and I am receiving this problem.
>
> jovanbosic@administrator-ThinkPad-L470:~/Yocto/build$ bitbake core-image-full-cmdline
> WARNING: Host distribution "ubuntu-22.04" has not been validated with this version of the build system; you may possibly experience unexpected failures. It is recommended that you use a tested distribution.
> Loading cache: 100% |############################################| Time: 0:00:00
> Loaded 3726 entries from dependency cache.
> NOTE: Resolving any missing task queue dependencies
>
> Build Configuration:
> BB_VERSION           = "1.46.0"
> BUILD_SYS            = "x86_64-linux"
> NATIVELSBSTRING      = "universal"
> TARGET_SYS           = "x86_64-poky-linux"
> MACHINE              = "qemux86-64"
> DISTRO               = "poky"
> DISTRO_VERSION       = "3.1.22"
> TUNE_FEATURES        = "m64 core2"
> TARGET_FPU           = ""
> meta
> meta-poky
> meta-yocto-bsp
> meta-selftest
> meta-skeleton        = "dunfell:6b8a307b7843af23d189d7ffcecf32c05afac850"
> meta-chromium        = "master:068b693ffcf0273ec23d0ab1eeb8f4b97eb143a1"
> meta-clang           = "dunfell-clang12:8a6558fe1cedb3eb817333369a3cc2512364f1a6"
> meta-filesystems
> meta-gnome
> meta-initramfs
> meta-multimedia
> meta-networking
> meta-oe
> meta-perl
> meta-python
> meta-webserver
> meta-xfce            = "dunfell:7952135f650b4a754e2255f5aa03973a32344123"
>
> Initialising tasks: 100% |#######################################| Time: 0:00:05
> Sstate summary: Wanted 21 Found 0 Missed 21 Current 2963 (0% match, 99% complete)
> NOTE: Executing Tasks
> ERROR: gn-native-106.0.5249.119-r0 do_compile: Execution of '/home/jovanbosic/Yocto/build/tmp/work/x86_64-linux/gn-native/106.0.5249.119-r0/temp/run.do_compile.4042233' failed with exit code 1
> ERROR: Logfile of failure stored in: /home/jovanbosic/Yocto/build/tmp/work/x86_64-linux/gn-native/106.0.5249.119-r0/temp/log.do_compile.4042233
> Log data follows:
> | DEBUG: Executing shell function do_compile
> | ninja: Entering directory `/home/jovanbosic/Yocto/build/tmp/work/x86_64-linux/gn-native/106.0.5249.119-r0/chromium-106.0.5249.119/out/Release/gn_build'
> | [1/195] CXX src/base/files/file_path_constants.o
> | FAILED: src/base/files/file_path_constants.o
> | clang++ -target x86_64-linux  -MMD -MF src/base/files/file_path_constants.o.d -I../../../tools/gn/src -I. -isystem/home/jovanbosic/Yocto/build/tmp/work/x86_64-linux/gn-native/106.0.5249.119-r0/recipe-sysroot-native/usr/include -O2 -pipe -isystem/home/jovanbosic/Yocto/build/tmp/work/x86_64-linux/gn-native/106.0.5249.119-r0/recipe-sysroot-native/usr/include -O2 -pipe -D_LIBCPP_HAS_NO_VENDOR_AVAILABILITY_ANNOTATIONS -DNDEBUG -O3 -fdata-sections -ffunction-sections -Werror -D_FILE_OFFSET_BITS=64 -D__STDC_CONSTANT_MACROS -D__STDC_FORMAT_MACROS -pthread -pipe -fno-exceptions -fno-rtti -fdiagnostics-color -Wall -Wextra -Wno-unused-parameter -Wextra-semi -Wundef -std=c++17 -c ../../../tools/gn/src/base/files/file_path_constants.cc -o src/base/files/file_path_constants.o
> | ../../../tools/gn/src/base/files/file_path_constants.cc:7:10: fatal error: 'iterator' file not found
> | #include <iterator>
> |          ^~~~~~~~~~
> | 1 error generated.
> | [2/195] CXX src/base/files/file_path.o
> | FAILED: src/base/files/file_path.o
> | clang++ -target x86_64-linux  -MMD -MF src/base/files/file_path.o.d -I../../../tools/gn/src -I. -isystem/home/jovanbosic/Yocto/build/tmp/work/x86_64-linux/gn-native/106.0.5249.119-r0/recipe-sysroot-native/usr/include -O2 -pipe -isystem/home/jovanbosic/Yocto/build/tmp/work/x86_64-linux/gn-native/106.0.5249.119-r0/recipe-sysroot-native/usr/include -O2 -pipe -D_LIBCPP_HAS_NO_VENDOR_AVAILABILITY_ANNOTATIONS -DNDEBUG -O3 -fdata-sections -ffunction-sections -Werror -D_FILE_OFFSET_BITS=64 -D__STDC_CONSTANT_MACROS -D__STDC_FORMAT_MACROS -pthread -pipe -fno-exceptions -fno-rtti -fdiagnostics-color -Wall -Wextra -Wno-unused-parameter -Wextra-semi -Wundef -std=c++17 -c ../../../tools/gn/src/base/files/file_path.cc -o src/base/files/file_path.o
> | In file included from ../../../tools/gn/src/base/files/file_path.cc:5:
> | ../../../tools/gn/src/base/files/file_path.h:107:10: fatal error: 'iosfwd' file not found
> | #include <iosfwd>
> |          ^~~~~~~~
> | 1 error generated.
> | [3/195] CXX src/base/files/file.o
> | FAILED: src/base/files/file.o
> | clang++ -target x86_64-linux  -MMD -MF src/base/files/file.o.d -I../../../tools/gn/src -I. -isystem/home/jovanbosic/Yocto/build/tmp/work/x86_64-linux/gn-native/106.0.5249.119-r0/recipe-sysroot-native/usr/include -O2 -pipe -isystem/home/jovanbosic/Yocto/build/tmp/work/x86_64-linux/gn-native/106.0.5249.119-r0/recipe-sysroot-native/usr/include -O2 -pipe -D_LIBCPP_HAS_NO_VENDOR_AVAILABILITY_ANNOTATIONS -DNDEBUG -O3 -fdata-sections -ffunction-sections -Werror -D_FILE_OFFSET_BITS=64 -D__STDC_CONSTANT_MACROS -D__STDC_FORMAT_MACROS -pthread -pipe -fno-exceptions -fno-rtti -fdiagnostics-color -Wall -Wextra -Wno-unused-parameter -Wextra-semi -Wundef -std=c++17 -c ../../../tools/gn/src/base/files/file.cc -o src/base/files/file.o
> | In file included from ../../../tools/gn/src/base/files/file.cc:5:
> | ../../../tools/gn/src/base/files/file.h:10:10: fatal error: 'string' file not found
> | #include <string>
> |          ^~~~~~~~
> | 1 error generated.
> | [4/195] CXX src/base/command_line.o
> | FAILED: src/base/command_line.o
> | clang++ -target x86_64-linux  -MMD -MF src/base/command_line.o.d -I../../../tools/gn/src -I. -isystem/home/jovanbosic/Yocto/build/tmp/work/x86_64-linux/gn-native/106.0.5249.119-r0/recipe-sysroot-native/usr/include -O2 -pipe -isystem/home/jovanbosic/Yocto/build/tmp/work/x86_64-linux/gn-native/106.0.5249.119-r0/recipe-sysroot-native/usr/include -O2 -pipe -D_LIBCPP_HAS_NO_VENDOR_AVAILABILITY_ANNOTATIONS -DNDEBUG -O3 -fdata-sections -ffunction-sections -Werror -D_FILE_OFFSET_BITS=64 -D__STDC_CONSTANT_MACROS -D__STDC_FORMAT_MACROS -pthread -pipe -fno-exceptions -fno-rtti -fdiagnostics-color -Wall -Wextra -Wno-unused-parameter -Wextra-semi -Wundef -std=c++17 -c ../../../tools/gn/src/base/command_line.cc -o src/base/command_line.o
> | In file included from ../../../tools/gn/src/base/command_line.cc:5:
> | ../../../tools/gn/src/base/command_line.h:19:10: fatal error: 'map' file not found
> | #include <map>
> |          ^~~~~
> | 1 error generated.
> | [5/195] CXX src/base/environment.o
> | FAILED: src/base/environment.o
> | clang++ -target x86_64-linux  -MMD -MF src/base/environment.o.d -I../../../tools/gn/src -I. -isystem/home/jovanbosic/Yocto/build/tmp/work/x86_64-linux/gn-native/106.0.5249.119-r0/recipe-sysroot-native/usr/include -O2 -pipe -isystem/home/jovanbosic/Yocto/build/tmp/work/x86_64-linux/gn-native/106.0.5249.119-r0/recipe-sysroot-native/usr/include -O2 -pipe -D_LIBCPP_HAS_NO_VENDOR_AVAILABILITY_ANNOTATIONS -DNDEBUG -O3 -fdata-sections -ffunction-sections -Werror -D_FILE_OFFSET_BITS=64 -D__STDC_CONSTANT_MACROS -D__STDC_FORMAT_MACROS -pthread -pipe -fno-exceptions -fno-rtti -fdiagnostics-color -Wall -Wextra -Wno-unused-parameter -Wextra-semi -Wundef -std=c++17 -c ../../../tools/gn/src/base/environment.cc -o src/base/environment.o
> | In file included from ../../../tools/gn/src/base/environment.cc:5:
> | ../../../tools/gn/src/base/environment.h:8:10: fatal error: 'map' file not found
> | #include <map>
> |          ^~~~~
> | 1 error generated.
> | [6/195] CXX src/base/files/file_enumerator.o
> | FAILED: src/base/files/file_enumerator.o
> | clang++ -target x86_64-linux  -MMD -MF src/base/files/file_enumerator.o.d -I../../../tools/gn/src -I. -isystem/home/jovanbosic/Yocto/build/tmp/work/x86_64-linux/gn-native/106.0.5249.119-r0/recipe-sysroot-native/usr/include -O2 -pipe -isystem/home/jovanbosic/Yocto/build/tmp/work/x86_64-linux/gn-native/106.0.5249.119-r0/recipe-sysroot-native/usr/include -O2 -pipe -D_LIBCPP_HAS_NO_VENDOR_AVAILABILITY_ANNOTATIONS -DNDEBUG -O3 -fdata-sections -ffunction-sections -Werror -D_FILE_OFFSET_BITS=64 -D__STDC_CONSTANT_MACROS -D__STDC_FORMAT_MACROS -pthread -pipe -fno-exceptions -fno-rtti -fdiagnostics-color -Wall -Wextra -Wno-unused-parameter -Wextra-semi -Wundef -std=c++17 -c ../../../tools/gn/src/base/files/file_enumerator.cc -o src/base/files/file_enumerator.o
> | In file included from ../../../tools/gn/src/base/files/file_enumerator.cc:5:
> | ../../../tools/gn/src/base/files/file_enumerator.h:11:10: fatal error: 'vector' file not found
> | #include <vector>
> |          ^~~~~~~~
> | 1 error generated.
> | ninja: build stopped: subcommand failed.
> | Traceback (most recent call last):
> |   File "/home/jovanbosic/Yocto/build/tmp/work/x86_64-linux/gn-native/106.0.5249.119-r0/chromium-106.0.5249.119/tools/gn/bootstrap/bootstrap.py", line 141, in <module>
> |     sys.exit(main(sys.argv[1:]))
> |   File "/home/jovanbosic/Yocto/build/tmp/work/x86_64-linux/gn-native/106.0.5249.119-r0/chromium-106.0.5249.119/tools/gn/bootstrap/bootstrap.py", line 126, in main
> |     subprocess.check_call(
> |   File "/home/jovanbosic/Yocto/build/tmp/work/x86_64-linux/gn-native/106.0.5249.119-r0/recipe-sysroot-native/usr/lib/python3.8/subprocess.py", line 364, in check_call
> |     raise CalledProcessError(retcode, cmd)
> | subprocess.CalledProcessError: Command '['ninja', '-C', '/home/jovanbosic/Yocto/build/tmp/work/x86_64-linux/gn-native/106.0.5249.119-r0/chromium-106.0.5249.119/out/Release/gn_build', '-w', 'dupbuild=err', 'gn']' returned non-zero exit status 1.
> | WARNING: exit code 1 from a shell command.
> | ERROR: Execution of '/home/jovanbosic/Yocto/build/tmp/work/x86_64-linux/gn-native/106.0.5249.119-r0/temp/run.do_compile.4042233' failed with exit code 1
> ERROR: Task (/home/jovanbosic/Yocto/meta-browser/meta-chromium/recipes-browser/chromium/gn-native_106.0.5249.119.bb:do_compile) failed with exit code '1'
> NOTE: Tasks Summary: Attempted 4710 tasks of which 4706 didn't need to be rerun and 1 failed.
>
> Summary: 1 task failed:
>   /home/jovanbosic/Yocto/meta-browser/meta-chromium/recipes-browser/chromium/gn-native_106.0.5249.119.bb:do_compile
> Summary: There was 1 WARNING message shown.
> Summary: There was 1 ERROR message shown, returning a non-zero exit code.
>
>
> -=-=-=-=-=-=-=-=-=-=-=-
> Links: You receive all messages sent to this group.
> You automatically follow any topics you start or reply to.
> View/Reply Online (#59003): https://lists.yoctoproject.org/g/yocto/message/59003
> Mute This Topic: https://lists.yoctoproject.org/mt/96325807/1997914
> Group Owner: yocto+owner@lists.yoctoproject.org
> Unsubscribe: https://lists.yoctoproject.org/g/yocto/unsub [raj.khem@gmail.com]
> -=-=-=-=-=-=-=-=-=-=-=-
>


^ permalink raw reply	[flat|nested] 3+ messages in thread
end of thread, other threads:[~2023-01-17  8:22 UTC | newest]

Thread overview: 3+ messages (download: mbox.gz / follow: Atom feed)
-- links below jump to the message on this page --
2023-01-17  7:20 gn-native_106.0.5249.119.bb:do_compile failed with exit code '1' jovanbosic95
2023-01-17  7:22 ` jovanbosic95
2023-01-17  8:22 ` [yocto] " Khem Raj

